Using Spark's default log4j profile: org/apache/spark/log4j-defaults.properties
26/03/24 16:02:22 INFO Master: Started daemon with process name: 12@d597be001265
26/03/24 16:02:22 INFO SignalUtils: Registered signal handler for TERM
26/03/24 16:02:22 INFO SignalUtils: Registered signal handler for HUP
26/03/24 16:02:22 INFO SignalUtils: Registered signal handler for INT
26/03/24 16:02:22 WARN NativeCodeLoader: Unable to load native-hadoop library for your platform... using builtin-java classes where applicable
26/03/24 16:02:22 INFO SecurityManager: Changing view acls to: root
26/03/24 16:02:22 INFO SecurityManager: Changing modify acls to: root
26/03/24 16:02:22 INFO SecurityManager: Changing view acls groups to: 
26/03/24 16:02:22 INFO SecurityManager: Changing modify acls groups to: 
26/03/24 16:02:22 INFO SecurityManager: SecurityManager: authentication disabled; ui acls disabled; users  with view permissions: Set(root); groups with view permissions: Set(); users  with modify permissions: Set(root); groups with modify permissions: Set()
26/03/24 16:02:22 INFO Utils: Successfully started service 'sparkMaster' on port 7077.
26/03/24 16:02:22 INFO Master: Starting Spark master at spark://d597be001265:7077
26/03/24 16:02:22 INFO Master: Running Spark version 2.4.5
26/03/24 16:02:23 INFO Utils: Successfully started service 'MasterUI' on port 8080.
26/03/24 16:02:23 INFO MasterWebUI: Bound MasterWebUI to 0.0.0.0, and started at http://d597be001265:8080
26/03/24 16:02:23 INFO Master: I have been elected leader! New state: ALIVE
26/03/24 16:02:23 INFO Master: Registering worker 192.168.117.6:43115 with 2 cores, 4.0 GB RAM
26/03/24 16:05:58 INFO Master: Registering app STEDI Redis-Kafka Stream to Console
26/03/24 16:05:58 INFO Master: Registered app STEDI Redis-Kafka Stream to Console with ID app-20260324160558-0000
26/03/24 16:05:58 INFO Master: Launching executor app-20260324160558-0000/0 on worker worker-20260324160222-192.168.117.6-43115
26/03/24 16:07:34 INFO Master: Received unregister request from application app-20260324160558-0000
26/03/24 16:07:34 INFO Master: Removing app app-20260324160558-0000
26/03/24 16:07:34 WARN Master: Got status update for unknown executor app-20260324160558-0000/0
26/03/24 16:07:34 INFO Master: 192.168.117.2:45764 got disassociated, removing it.
26/03/24 16:07:34 INFO Master: d597be001265:45777 got disassociated, removing it.
Using Spark's default log4j profile: org/apache/spark/log4j-defaults.properties
26/03/24 16:07:55 INFO Master: Started daemon with process name: 12@d597be001265
26/03/24 16:07:55 INFO SignalUtils: Registered signal handler for TERM
26/03/24 16:07:55 INFO SignalUtils: Registered signal handler for HUP
26/03/24 16:07:55 INFO SignalUtils: Registered signal handler for INT
26/03/24 16:07:55 WARN NativeCodeLoader: Unable to load native-hadoop library for your platform... using builtin-java classes where applicable
26/03/24 16:07:56 INFO SecurityManager: Changing view acls to: root
26/03/24 16:07:56 INFO SecurityManager: Changing modify acls to: root
26/03/24 16:07:56 INFO SecurityManager: Changing view acls groups to: 
26/03/24 16:07:56 INFO SecurityManager: Changing modify acls groups to: 
26/03/24 16:07:56 INFO SecurityManager: SecurityManager: authentication disabled; ui acls disabled; users  with view permissions: Set(root); groups with view permissions: Set(); users  with modify permissions: Set(root); groups with modify permissions: Set()
26/03/24 16:07:56 INFO Utils: Successfully started service 'sparkMaster' on port 7077.
26/03/24 16:07:56 INFO Master: Starting Spark master at spark://d597be001265:7077
26/03/24 16:07:56 INFO Master: Running Spark version 2.4.5
26/03/24 16:07:56 INFO Utils: Successfully started service 'MasterUI' on port 8080.
26/03/24 16:07:56 INFO MasterWebUI: Bound MasterWebUI to 0.0.0.0, and started at http://d597be001265:8080
26/03/24 16:07:56 INFO Master: I have been elected leader! New state: ALIVE
26/03/24 16:07:56 INFO Master: Registering worker 192.168.117.6:40451 with 2 cores, 4.0 GB RAM
26/03/24 16:08:13 INFO Master: Registering app STEDI Event Stream
26/03/24 16:08:13 INFO Master: Registered app STEDI Event Stream with ID app-20260324160813-0000
26/03/24 16:08:13 INFO Master: Launching executor app-20260324160813-0000/0 on worker worker-20260324160756-192.168.117.6-40451
26/03/24 16:08:44 INFO Master: Received unregister request from application app-20260324160813-0000
26/03/24 16:08:44 INFO Master: Removing app app-20260324160813-0000
26/03/24 16:08:44 INFO Master: 192.168.117.2:36086 got disassociated, removing it.
26/03/24 16:08:44 INFO Master: d597be001265:42445 got disassociated, removing it.
26/03/24 16:08:44 WARN Master: Got status update for unknown executor app-20260324160813-0000/0
Using Spark's default log4j profile: org/apache/spark/log4j-defaults.properties
26/03/24 16:08:59 INFO Master: Started daemon with process name: 12@d597be001265
26/03/24 16:08:59 INFO SignalUtils: Registered signal handler for TERM
26/03/24 16:08:59 INFO SignalUtils: Registered signal handler for HUP
26/03/24 16:08:59 INFO SignalUtils: Registered signal handler for INT
26/03/24 16:08:59 WARN NativeCodeLoader: Unable to load native-hadoop library for your platform... using builtin-java classes where applicable
26/03/24 16:08:59 INFO SecurityManager: Changing view acls to: root
26/03/24 16:08:59 INFO SecurityManager: Changing modify acls to: root
26/03/24 16:08:59 INFO SecurityManager: Changing view acls groups to: 
26/03/24 16:08:59 INFO SecurityManager: Changing modify acls groups to: 
26/03/24 16:08:59 INFO SecurityManager: SecurityManager: authentication disabled; ui acls disabled; users  with view permissions: Set(root); groups with view permissions: Set(); users  with modify permissions: Set(root); groups with modify permissions: Set()
26/03/24 16:08:59 INFO Utils: Successfully started service 'sparkMaster' on port 7077.
26/03/24 16:08:59 INFO Master: Starting Spark master at spark://d597be001265:7077
26/03/24 16:08:59 INFO Master: Running Spark version 2.4.5
26/03/24 16:09:00 INFO Utils: Successfully started service 'MasterUI' on port 8080.
26/03/24 16:09:00 INFO MasterWebUI: Bound MasterWebUI to 0.0.0.0, and started at http://d597be001265:8080
26/03/24 16:09:00 INFO Master: I have been elected leader! New state: ALIVE
26/03/24 16:09:00 INFO Master: Registering worker 192.168.117.6:39161 with 2 cores, 4.0 GB RAM
26/03/24 16:09:24 INFO Master: Registering app STEDI Kafka Join
26/03/24 16:09:24 INFO Master: Registered app STEDI Kafka Join with ID app-20260324160924-0000
26/03/24 16:09:24 INFO Master: Launching executor app-20260324160924-0000/0 on worker worker-20260324160859-192.168.117.6-39161
Using Spark's default log4j profile: org/apache/spark/log4j-defaults.properties
26/03/24 16:10:01 INFO Master: Started daemon with process name: 12@d597be001265
26/03/24 16:10:01 INFO SignalUtils: Registered signal handler for TERM
26/03/24 16:10:01 INFO SignalUtils: Registered signal handler for HUP
26/03/24 16:10:01 INFO SignalUtils: Registered signal handler for INT
26/03/24 16:10:01 WARN NativeCodeLoader: Unable to load native-hadoop library for your platform... using builtin-java classes where applicable
26/03/24 16:10:01 INFO SecurityManager: Changing view acls to: root
26/03/24 16:10:01 INFO SecurityManager: Changing modify acls to: root
26/03/24 16:10:01 INFO SecurityManager: Changing view acls groups to: 
26/03/24 16:10:01 INFO SecurityManager: Changing modify acls groups to: 
26/03/24 16:10:01 INFO SecurityManager: SecurityManager: authentication disabled; ui acls disabled; users  with view permissions: Set(root); groups with view permissions: Set(); users  with modify permissions: Set(root); groups with modify permissions: Set()
26/03/24 16:10:02 INFO Utils: Successfully started service 'sparkMaster' on port 7077.
26/03/24 16:10:02 INFO Master: Starting Spark master at spark://d597be001265:7077
26/03/24 16:10:02 INFO Master: Running Spark version 2.4.5
26/03/24 16:10:02 INFO Utils: Successfully started service 'MasterUI' on port 8080.
26/03/24 16:10:02 INFO MasterWebUI: Bound MasterWebUI to 0.0.0.0, and started at http://d597be001265:8080
26/03/24 16:10:02 INFO Master: I have been elected leader! New state: ALIVE
26/03/24 16:10:03 INFO Master: Registering worker 192.168.117.6:37165 with 2 cores, 4.0 GB RAM
26/03/24 16:13:12 INFO Master: Registering app STEDI Kafka Join
26/03/24 16:13:12 INFO Master: Registered app STEDI Kafka Join with ID app-20260324161312-0000
26/03/24 16:13:12 INFO Master: Launching executor app-20260324161312-0000/0 on worker worker-20260324161002-192.168.117.6-37165
26/03/24 16:15:19 INFO Master: 192.168.117.2:37018 got disassociated, removing it.
26/03/24 16:15:19 INFO Master: d597be001265:46653 got disassociated, removing it.
26/03/24 16:15:19 INFO Master: Removing app app-20260324161312-0000
26/03/24 16:15:29 WARN Master: Got status update for unknown executor app-20260324161312-0000/0
26/03/24 16:15:35 INFO Master: Registering app STEDI Redis-Kafka Stream to Console
26/03/24 16:15:35 INFO Master: Registered app STEDI Redis-Kafka Stream to Console with ID app-20260324161535-0001
26/03/24 16:15:35 INFO Master: Launching executor app-20260324161535-0001/0 on worker worker-20260324161002-192.168.117.6-37165
26/03/24 16:17:02 INFO Master: Received unregister request from application app-20260324161535-0001
26/03/24 16:17:02 INFO Master: Removing app app-20260324161535-0001
26/03/24 16:17:02 WARN Master: Got status update for unknown executor app-20260324161535-0001/0
26/03/24 16:17:02 INFO Master: 192.168.117.2:58704 got disassociated, removing it.
26/03/24 16:17:02 INFO Master: d597be001265:35335 got disassociated, removing it.
26/03/24 16:17:41 INFO Master: Registering app STEDI Event Stream
26/03/24 16:17:41 INFO Master: Registered app STEDI Event Stream with ID app-20260324161741-0002
26/03/24 16:17:41 INFO Master: Launching executor app-20260324161741-0002/0 on worker worker-20260324161002-192.168.117.6-37165
26/03/24 16:19:08 INFO Master: Received unregister request from application app-20260324161741-0002
26/03/24 16:19:08 INFO Master: Removing app app-20260324161741-0002
26/03/24 16:19:08 INFO Master: 192.168.117.2:59858 got disassociated, removing it.
26/03/24 16:19:08 INFO Master: d597be001265:35673 got disassociated, removing it.
26/03/24 16:19:08 WARN Master: Got status update for unknown executor app-20260324161741-0002/0
