Using Spark's default log4j profile: org/apache/spark/log4j-defaults.properties
26/03/24 15:18:33 INFO Worker: Started daemon with process name: 11@9042c804e489
26/03/24 15:18:33 INFO SignalUtils: Registered signal handler for TERM
26/03/24 15:18:33 INFO SignalUtils: Registered signal handler for HUP
26/03/24 15:18:33 INFO SignalUtils: Registered signal handler for INT
26/03/24 15:18:33 WARN NativeCodeLoader: Unable to load native-hadoop library for your platform... using builtin-java classes where applicable
26/03/24 15:18:34 INFO SecurityManager: Changing view acls to: root
26/03/24 15:18:34 INFO SecurityManager: Changing modify acls to: root
26/03/24 15:18:34 INFO SecurityManager: Changing view acls groups to: 
26/03/24 15:18:34 INFO SecurityManager: Changing modify acls groups to: 
26/03/24 15:18:34 INFO SecurityManager: SecurityManager: authentication disabled; ui acls disabled; users  with view permissions: Set(root); groups with view permissions: Set(); users  with modify permissions: Set(root); groups with modify permissions: Set()
26/03/24 15:18:34 INFO Utils: Successfully started service 'sparkWorker' on port 46153.
26/03/24 15:18:34 INFO Worker: Starting Spark worker 192.168.117.6:46153 with 2 cores, 4.0 GB RAM
26/03/24 15:18:34 INFO Worker: Running Spark version 2.4.5
26/03/24 15:18:34 INFO Worker: Spark home: /spark
26/03/24 15:18:34 INFO Utils: Successfully started service 'WorkerUI' on port 8081.
26/03/24 15:18:34 INFO WorkerWebUI: Bound WorkerWebUI to 0.0.0.0, and started at http://9042c804e489:8081
26/03/24 15:18:34 INFO Worker: Connecting to master spark-master:7077...
26/03/24 15:18:34 INFO TransportClientFactory: Successfully created connection to spark-master/192.168.117.5:7077 after 39 ms (0 ms spent in bootstraps)
26/03/24 15:18:35 INFO Worker: Successfully registered with master spark://a2eb83384c25:7077
Using Spark's default log4j profile: org/apache/spark/log4j-defaults.properties
26/03/24 15:27:57 INFO Worker: Started daemon with process name: 12@9042c804e489
26/03/24 15:27:57 INFO SignalUtils: Registered signal handler for TERM
26/03/24 15:27:57 INFO SignalUtils: Registered signal handler for HUP
26/03/24 15:27:57 INFO SignalUtils: Registered signal handler for INT
26/03/24 15:27:57 WARN NativeCodeLoader: Unable to load native-hadoop library for your platform... using builtin-java classes where applicable
26/03/24 15:27:57 INFO SecurityManager: Changing view acls to: root
26/03/24 15:27:57 INFO SecurityManager: Changing modify acls to: root
26/03/24 15:27:57 INFO SecurityManager: Changing view acls groups to: 
26/03/24 15:27:57 INFO SecurityManager: Changing modify acls groups to: 
26/03/24 15:27:57 INFO SecurityManager: SecurityManager: authentication disabled; ui acls disabled; users  with view permissions: Set(root); groups with view permissions: Set(); users  with modify permissions: Set(root); groups with modify permissions: Set()
26/03/24 15:27:58 INFO Utils: Successfully started service 'sparkWorker' on port 40567.
26/03/24 15:27:58 INFO Worker: Starting Spark worker 192.168.117.6:40567 with 2 cores, 4.0 GB RAM
26/03/24 15:27:58 INFO Worker: Running Spark version 2.4.5
26/03/24 15:27:58 INFO Worker: Spark home: /spark
26/03/24 15:27:58 INFO Utils: Successfully started service 'WorkerUI' on port 8081.
26/03/24 15:27:58 INFO WorkerWebUI: Bound WorkerWebUI to 0.0.0.0, and started at http://9042c804e489:8081
26/03/24 15:27:58 INFO Worker: Connecting to master spark-master:7077...
26/03/24 15:27:58 INFO TransportClientFactory: Successfully created connection to spark-master/192.168.117.5:7077 after 34 ms (0 ms spent in bootstraps)
26/03/24 15:27:58 INFO Worker: Successfully registered with master spark://a2eb83384c25:7077
26/03/24 15:28:38 INFO Worker: Asked to launch executor app-20260324152838-0000/0 for STEDI Kafka Join
26/03/24 15:28:38 INFO SecurityManager: Changing view acls to: root
26/03/24 15:28:38 INFO SecurityManager: Changing modify acls to: root
26/03/24 15:28:38 INFO SecurityManager: Changing view acls groups to: 
26/03/24 15:28:38 INFO SecurityManager: Changing modify acls groups to: 
26/03/24 15:28:38 INFO SecurityManager: SecurityManager: authentication disabled; ui acls disabled; users  with view permissions: Set(root); groups with view permissions: Set(); users  with modify permissions: Set(root); groups with modify permissions: Set()
26/03/24 15:28:38 INFO ExecutorRunner: Launch command: "/usr/lib/jvm/java-1.8-openjdk/jre/bin/java" "-cp" "///conf:/spark/jars/*" "-Xmx1024M" "-Dspark.network.timeout=300s" "-Dspark.driver.port=38359" "-XX:+UseG1GC" "org.apache.spark.executor.CoarseGrainedExecutorBackend" "--driver-url" "spark://CoarseGrainedScheduler@a2eb83384c25:38359" "--executor-id" "0" "--hostname" "192.168.117.6" "--cores" "2" "--app-id" "app-20260324152838-0000" "--worker-url" "spark://Worker@192.168.117.6:40567"
26/03/24 15:40:46 INFO ExternalShuffleBlockResolver: Application app-20260324153818-0001 removed, cleanupLocalDirs = true
26/03/24 15:41:12 INFO Worker: Asked to kill executor app-20260324152838-0000/0
26/03/24 15:41:12 INFO ExecutorRunner: Runner thread for executor app-20260324152838-0000/0 interrupted
26/03/24 15:41:12 INFO ExecutorRunner: Killing process!
26/03/24 15:41:13 INFO Worker: Executor app-20260324152838-0000/0 finished with state KILLED exitStatus 1
26/03/24 15:41:13 INFO ExternalShuffleBlockResolver: Clean up non-shuffle files associated with the finished executor 0
26/03/24 15:41:13 INFO ExternalShuffleBlockResolver: Executor is not registered (appId=app-20260324152838-0000, execId=0)
26/03/24 15:41:13 INFO ExternalShuffleBlockResolver: Application app-20260324152838-0000 removed, cleanupLocalDirs = true
26/03/24 15:41:13 INFO Worker: Cleaning up local directories for application app-20260324152838-0000
26/03/24 15:41:45 INFO Worker: Asked to launch executor app-20260324154145-0002/0 for STEDI Redis-Kafka Stream to Console
26/03/24 15:41:45 INFO SecurityManager: Changing view acls to: root
26/03/24 15:41:45 INFO SecurityManager: Changing modify acls to: root
26/03/24 15:41:45 INFO SecurityManager: Changing view acls groups to: 
26/03/24 15:41:45 INFO SecurityManager: Changing modify acls groups to: 
26/03/24 15:41:45 INFO SecurityManager: SecurityManager: authentication disabled; ui acls disabled; users  with view permissions: Set(root); groups with view permissions: Set(); users  with modify permissions: Set(root); groups with modify permissions: Set()
26/03/24 15:41:45 INFO ExecutorRunner: Launch command: "/usr/lib/jvm/java-1.8-openjdk/jre/bin/java" "-cp" "///conf:/spark/jars/*" "-Xmx1024M" "-Dspark.driver.port=39673" "org.apache.spark.executor.CoarseGrainedExecutorBackend" "--driver-url" "spark://CoarseGrainedScheduler@a2eb83384c25:39673" "--executor-id" "0" "--hostname" "192.168.117.6" "--cores" "2" "--app-id" "app-20260324154145-0002" "--worker-url" "spark://Worker@192.168.117.6:40567"
26/03/24 15:43:31 INFO Worker: Asked to kill executor app-20260324154145-0002/0
26/03/24 15:43:31 INFO ExecutorRunner: Runner thread for executor app-20260324154145-0002/0 interrupted
26/03/24 15:43:31 INFO ExecutorRunner: Killing process!
26/03/24 15:43:31 INFO Worker: Executor app-20260324154145-0002/0 finished with state KILLED exitStatus 1
26/03/24 15:43:31 INFO ExternalShuffleBlockResolver: Clean up non-shuffle files associated with the finished executor 0
26/03/24 15:43:31 INFO ExternalShuffleBlockResolver: Executor is not registered (appId=app-20260324154145-0002, execId=0)
26/03/24 15:43:31 INFO Worker: Cleaning up local directories for application app-20260324154145-0002
26/03/24 15:43:31 INFO ExternalShuffleBlockResolver: Application app-20260324154145-0002 removed, cleanupLocalDirs = true
26/03/24 15:44:00 INFO Worker: Asked to launch executor app-20260324154400-0003/0 for STEDI Event Stream
26/03/24 15:44:00 INFO SecurityManager: Changing view acls to: root
26/03/24 15:44:00 INFO SecurityManager: Changing modify acls to: root
26/03/24 15:44:00 INFO SecurityManager: Changing view acls groups to: 
26/03/24 15:44:00 INFO SecurityManager: Changing modify acls groups to: 
26/03/24 15:44:00 INFO SecurityManager: SecurityManager: authentication disabled; ui acls disabled; users  with view permissions: Set(root); groups with view permissions: Set(); users  with modify permissions: Set(root); groups with modify permissions: Set()
26/03/24 15:44:00 INFO ExecutorRunner: Launch command: "/usr/lib/jvm/java-1.8-openjdk/jre/bin/java" "-cp" "///conf:/spark/jars/*" "-Xmx1024M" "-Dspark.driver.port=40653" "org.apache.spark.executor.CoarseGrainedExecutorBackend" "--driver-url" "spark://CoarseGrainedScheduler@a2eb83384c25:40653" "--executor-id" "0" "--hostname" "192.168.117.6" "--cores" "2" "--app-id" "app-20260324154400-0003" "--worker-url" "spark://Worker@192.168.117.6:40567"
26/03/24 15:45:57 INFO Worker: Asked to kill executor app-20260324154400-0003/0
26/03/24 15:45:57 INFO ExecutorRunner: Runner thread for executor app-20260324154400-0003/0 interrupted
26/03/24 15:45:57 INFO ExecutorRunner: Killing process!
26/03/24 15:45:57 INFO Worker: Asked to launch executor app-20260324154552-0004/0 for STEDI Kafka Join
26/03/24 15:45:57 INFO SecurityManager: Changing view acls to: root
26/03/24 15:45:57 INFO SecurityManager: Changing modify acls to: root
26/03/24 15:45:57 INFO SecurityManager: Changing view acls groups to: 
26/03/24 15:45:57 INFO SecurityManager: Changing modify acls groups to: 
26/03/24 15:45:57 INFO SecurityManager: SecurityManager: authentication disabled; ui acls disabled; users  with view permissions: Set(root); groups with view permissions: Set(); users  with modify permissions: Set(root); groups with modify permissions: Set()
26/03/24 15:45:57 INFO ExecutorRunner: Launch command: "/usr/lib/jvm/java-1.8-openjdk/jre/bin/java" "-cp" "///conf:/spark/jars/*" "-Xmx1024M" "-Dspark.network.timeout=300s" "-Dspark.driver.port=41049" "-XX:+UseG1GC" "org.apache.spark.executor.CoarseGrainedExecutorBackend" "--driver-url" "spark://CoarseGrainedScheduler@a2eb83384c25:41049" "--executor-id" "0" "--hostname" "192.168.117.6" "--cores" "2" "--app-id" "app-20260324154552-0004" "--worker-url" "spark://Worker@192.168.117.6:40567"
26/03/24 15:45:57 INFO Worker: Executor app-20260324154400-0003/0 finished with state KILLED exitStatus 143
26/03/24 15:45:57 INFO ExternalShuffleBlockResolver: Clean up non-shuffle files associated with the finished executor 0
26/03/24 15:45:57 INFO ExternalShuffleBlockResolver: Executor is not registered (appId=app-20260324154400-0003, execId=0)
26/03/24 15:45:57 INFO ExternalShuffleBlockResolver: Application app-20260324154400-0003 removed, cleanupLocalDirs = true
26/03/24 15:45:57 INFO Worker: Cleaning up local directories for application app-20260324154400-0003
