Using Spark's default log4j profile: org/apache/spark/log4j-defaults.properties
26/03/24 16:02:22 INFO Worker: Started daemon with process name: 10@c720bfbe46cf
26/03/24 16:02:22 INFO SignalUtils: Registered signal handler for TERM
26/03/24 16:02:22 INFO SignalUtils: Registered signal handler for HUP
26/03/24 16:02:22 INFO SignalUtils: Registered signal handler for INT
26/03/24 16:02:22 WARN NativeCodeLoader: Unable to load native-hadoop library for your platform... using builtin-java classes where applicable
26/03/24 16:02:22 INFO SecurityManager: Changing view acls to: root
26/03/24 16:02:22 INFO SecurityManager: Changing modify acls to: root
26/03/24 16:02:22 INFO SecurityManager: Changing view acls groups to: 
26/03/24 16:02:22 INFO SecurityManager: Changing modify acls groups to: 
26/03/24 16:02:22 INFO SecurityManager: SecurityManager: authentication disabled; ui acls disabled; users  with view permissions: Set(root); groups with view permissions: Set(); users  with modify permissions: Set(root); groups with modify permissions: Set()
26/03/24 16:02:22 INFO Utils: Successfully started service 'sparkWorker' on port 43115.
26/03/24 16:02:23 INFO Worker: Starting Spark worker 192.168.117.6:43115 with 2 cores, 4.0 GB RAM
26/03/24 16:02:23 INFO Worker: Running Spark version 2.4.5
26/03/24 16:02:23 INFO Worker: Spark home: /spark
26/03/24 16:02:23 INFO Utils: Successfully started service 'WorkerUI' on port 8081.
26/03/24 16:02:23 INFO WorkerWebUI: Bound WorkerWebUI to 0.0.0.0, and started at http://c720bfbe46cf:8081
26/03/24 16:02:23 INFO Worker: Connecting to master spark-master:7077...
26/03/24 16:02:23 INFO TransportClientFactory: Successfully created connection to spark-master/192.168.117.2:7077 after 31 ms (0 ms spent in bootstraps)
26/03/24 16:02:23 INFO Worker: Successfully registered with master spark://d597be001265:7077
