Using Spark's default log4j profile: org/apache/spark/log4j-defaults.properties
26/03/24 16:02:22 INFO Worker: Started daemon with process name: 10@c720bfbe46cf
26/03/24 16:02:22 INFO SignalUtils: Registered signal handler for TERM
26/03/24 16:02:22 INFO SignalUtils: Registered signal handler for HUP
26/03/24 16:02:22 INFO SignalUtils: Registered signal handler for INT
26/03/24 16:02:22 WARN NativeCodeLoader: Unable to load native-hadoop library for your platform... using builtin-java classes where applicable
26/03/24 16:02:22 INFO SecurityManager: Changing view acls to: root
26/03/24 16:02:22 INFO SecurityManager: Changing modify acls to: root
26/03/24 16:02:22 INFO SecurityManager: Changing view acls groups to: 
26/03/24 16:02:22 INFO SecurityManager: Changing modify acls groups to: 
26/03/24 16:02:22 INFO SecurityManager: SecurityManager: authentication disabled; ui acls disabled; users  with view permissions: Set(root); groups with view permissions: Set(); users  with modify permissions: Set(root); groups with modify permissions: Set()
26/03/24 16:02:22 INFO Utils: Successfully started service 'sparkWorker' on port 43115.
26/03/24 16:02:23 INFO Worker: Starting Spark worker 192.168.117.6:43115 with 2 cores, 4.0 GB RAM
26/03/24 16:02:23 INFO Worker: Running Spark version 2.4.5
26/03/24 16:02:23 INFO Worker: Spark home: /spark
26/03/24 16:02:23 INFO Utils: Successfully started service 'WorkerUI' on port 8081.
26/03/24 16:02:23 INFO WorkerWebUI: Bound WorkerWebUI to 0.0.0.0, and started at http://c720bfbe46cf:8081
26/03/24 16:02:23 INFO Worker: Connecting to master spark-master:7077...
26/03/24 16:02:23 INFO TransportClientFactory: Successfully created connection to spark-master/192.168.117.2:7077 after 31 ms (0 ms spent in bootstraps)
26/03/24 16:02:23 INFO Worker: Successfully registered with master spark://d597be001265:7077
26/03/24 16:05:58 INFO Worker: Asked to launch executor app-20260324160558-0000/0 for STEDI Redis-Kafka Stream to Console
26/03/24 16:05:58 INFO SecurityManager: Changing view acls to: root
26/03/24 16:05:58 INFO SecurityManager: Changing modify acls to: root
26/03/24 16:05:58 INFO SecurityManager: Changing view acls groups to: 
26/03/24 16:05:58 INFO SecurityManager: Changing modify acls groups to: 
26/03/24 16:05:58 INFO SecurityManager: SecurityManager: authentication disabled; ui acls disabled; users  with view permissions: Set(root); groups with view permissions: Set(); users  with modify permissions: Set(root); groups with modify permissions: Set()
26/03/24 16:05:58 INFO ExecutorRunner: Launch command: "/usr/lib/jvm/java-1.8-openjdk/jre/bin/java" "-cp" "///conf:/spark/jars/*" "-Xmx1024M" "-Dspark.driver.port=45777" "org.apache.spark.executor.CoarseGrainedExecutorBackend" "--driver-url" "spark://CoarseGrainedScheduler@d597be001265:45777" "--executor-id" "0" "--hostname" "192.168.117.6" "--cores" "2" "--app-id" "app-20260324160558-0000" "--worker-url" "spark://Worker@192.168.117.6:43115"
26/03/24 16:07:34 INFO Worker: Asked to kill executor app-20260324160558-0000/0
26/03/24 16:07:34 INFO ExecutorRunner: Runner thread for executor app-20260324160558-0000/0 interrupted
26/03/24 16:07:34 INFO ExecutorRunner: Killing process!
26/03/24 16:07:34 INFO Worker: Executor app-20260324160558-0000/0 finished with state KILLED exitStatus 0
26/03/24 16:07:34 INFO ExternalShuffleBlockResolver: Clean up non-shuffle files associated with the finished executor 0
26/03/24 16:07:34 INFO ExternalShuffleBlockResolver: Executor is not registered (appId=app-20260324160558-0000, execId=0)
26/03/24 16:07:34 INFO ExternalShuffleBlockResolver: Application app-20260324160558-0000 removed, cleanupLocalDirs = true
26/03/24 16:07:34 INFO Worker: Cleaning up local directories for application app-20260324160558-0000
Using Spark's default log4j profile: org/apache/spark/log4j-defaults.properties
26/03/24 16:07:55 INFO Worker: Started daemon with process name: 11@c720bfbe46cf
26/03/24 16:07:55 INFO SignalUtils: Registered signal handler for TERM
26/03/24 16:07:55 INFO SignalUtils: Registered signal handler for HUP
26/03/24 16:07:55 INFO SignalUtils: Registered signal handler for INT
26/03/24 16:07:55 WARN NativeCodeLoader: Unable to load native-hadoop library for your platform... using builtin-java classes where applicable
26/03/24 16:07:56 INFO SecurityManager: Changing view acls to: root
26/03/24 16:07:56 INFO SecurityManager: Changing modify acls to: root
26/03/24 16:07:56 INFO SecurityManager: Changing view acls groups to: 
26/03/24 16:07:56 INFO SecurityManager: Changing modify acls groups to: 
26/03/24 16:07:56 INFO SecurityManager: SecurityManager: authentication disabled; ui acls disabled; users  with view permissions: Set(root); groups with view permissions: Set(); users  with modify permissions: Set(root); groups with modify permissions: Set()
26/03/24 16:07:56 INFO Utils: Successfully started service 'sparkWorker' on port 40451.
26/03/24 16:07:56 INFO Worker: Starting Spark worker 192.168.117.6:40451 with 2 cores, 4.0 GB RAM
26/03/24 16:07:56 INFO Worker: Running Spark version 2.4.5
26/03/24 16:07:56 INFO Worker: Spark home: /spark
26/03/24 16:07:56 INFO Utils: Successfully started service 'WorkerUI' on port 8081.
26/03/24 16:07:56 INFO WorkerWebUI: Bound WorkerWebUI to 0.0.0.0, and started at http://c720bfbe46cf:8081
26/03/24 16:07:56 INFO Worker: Connecting to master spark-master:7077...
26/03/24 16:07:56 INFO TransportClientFactory: Successfully created connection to spark-master/192.168.117.2:7077 after 30 ms (0 ms spent in bootstraps)
26/03/24 16:07:56 INFO Worker: Successfully registered with master spark://d597be001265:7077
26/03/24 16:08:13 INFO Worker: Asked to launch executor app-20260324160813-0000/0 for STEDI Event Stream
26/03/24 16:08:13 INFO SecurityManager: Changing view acls to: root
26/03/24 16:08:13 INFO SecurityManager: Changing modify acls to: root
26/03/24 16:08:13 INFO SecurityManager: Changing view acls groups to: 
26/03/24 16:08:13 INFO SecurityManager: Changing modify acls groups to: 
26/03/24 16:08:13 INFO SecurityManager: SecurityManager: authentication disabled; ui acls disabled; users  with view permissions: Set(root); groups with view permissions: Set(); users  with modify permissions: Set(root); groups with modify permissions: Set()
26/03/24 16:08:13 INFO ExecutorRunner: Launch command: "/usr/lib/jvm/java-1.8-openjdk/jre/bin/java" "-cp" "///conf:/spark/jars/*" "-Xmx1024M" "-Dspark.driver.port=42445" "org.apache.spark.executor.CoarseGrainedExecutorBackend" "--driver-url" "spark://CoarseGrainedScheduler@d597be001265:42445" "--executor-id" "0" "--hostname" "192.168.117.6" "--cores" "2" "--app-id" "app-20260324160813-0000" "--worker-url" "spark://Worker@192.168.117.6:40451"
26/03/24 16:08:44 INFO Worker: Asked to kill executor app-20260324160813-0000/0
26/03/24 16:08:44 INFO ExecutorRunner: Runner thread for executor app-20260324160813-0000/0 interrupted
26/03/24 16:08:44 INFO ExecutorRunner: Killing process!
26/03/24 16:08:44 INFO Worker: Executor app-20260324160813-0000/0 finished with state KILLED exitStatus 0
26/03/24 16:08:44 INFO ExternalShuffleBlockResolver: Clean up non-shuffle files associated with the finished executor 0
26/03/24 16:08:44 INFO ExternalShuffleBlockResolver: Executor is not registered (appId=app-20260324160813-0000, execId=0)
26/03/24 16:08:44 INFO ExternalShuffleBlockResolver: Application app-20260324160813-0000 removed, cleanupLocalDirs = true
26/03/24 16:08:44 INFO Worker: Cleaning up local directories for application app-20260324160813-0000
Using Spark's default log4j profile: org/apache/spark/log4j-defaults.properties
26/03/24 16:08:59 INFO Worker: Started daemon with process name: 11@c720bfbe46cf
26/03/24 16:08:59 INFO SignalUtils: Registered signal handler for TERM
26/03/24 16:08:59 INFO SignalUtils: Registered signal handler for HUP
26/03/24 16:08:59 INFO SignalUtils: Registered signal handler for INT
26/03/24 16:08:59 WARN NativeCodeLoader: Unable to load native-hadoop library for your platform... using builtin-java classes where applicable
26/03/24 16:08:59 INFO SecurityManager: Changing view acls to: root
26/03/24 16:08:59 INFO SecurityManager: Changing modify acls to: root
26/03/24 16:08:59 INFO SecurityManager: Changing view acls groups to: 
26/03/24 16:08:59 INFO SecurityManager: Changing modify acls groups to: 
26/03/24 16:08:59 INFO SecurityManager: SecurityManager: authentication disabled; ui acls disabled; users  with view permissions: Set(root); groups with view permissions: Set(); users  with modify permissions: Set(root); groups with modify permissions: Set()
26/03/24 16:08:59 INFO Utils: Successfully started service 'sparkWorker' on port 39161.
26/03/24 16:09:00 INFO Worker: Starting Spark worker 192.168.117.6:39161 with 2 cores, 4.0 GB RAM
26/03/24 16:09:00 INFO Worker: Running Spark version 2.4.5
26/03/24 16:09:00 INFO Worker: Spark home: /spark
26/03/24 16:09:00 INFO Utils: Successfully started service 'WorkerUI' on port 8081.
26/03/24 16:09:00 INFO WorkerWebUI: Bound WorkerWebUI to 0.0.0.0, and started at http://c720bfbe46cf:8081
26/03/24 16:09:00 INFO Worker: Connecting to master spark-master:7077...
26/03/24 16:09:00 INFO TransportClientFactory: Successfully created connection to spark-master/192.168.117.2:7077 after 35 ms (0 ms spent in bootstraps)
26/03/24 16:09:00 INFO Worker: Successfully registered with master spark://d597be001265:7077
26/03/24 16:09:24 INFO Worker: Asked to launch executor app-20260324160924-0000/0 for STEDI Kafka Join
26/03/24 16:09:24 INFO SecurityManager: Changing view acls to: root
26/03/24 16:09:24 INFO SecurityManager: Changing modify acls to: root
26/03/24 16:09:24 INFO SecurityManager: Changing view acls groups to: 
26/03/24 16:09:24 INFO SecurityManager: Changing modify acls groups to: 
26/03/24 16:09:24 INFO SecurityManager: SecurityManager: authentication disabled; ui acls disabled; users  with view permissions: Set(root); groups with view permissions: Set(); users  with modify permissions: Set(root); groups with modify permissions: Set()
26/03/24 16:09:24 INFO ExecutorRunner: Launch command: "/usr/lib/jvm/java-1.8-openjdk/jre/bin/java" "-cp" "///conf:/spark/jars/*" "-Xmx1024M" "-Dspark.network.timeout=300s" "-Dspark.driver.port=40033" "-XX:+UseG1GC" "org.apache.spark.executor.CoarseGrainedExecutorBackend" "--driver-url" "spark://CoarseGrainedScheduler@d597be001265:40033" "--executor-id" "0" "--hostname" "192.168.117.6" "--cores" "2" "--app-id" "app-20260324160924-0000" "--worker-url" "spark://Worker@192.168.117.6:39161"
Using Spark's default log4j profile: org/apache/spark/log4j-defaults.properties
26/03/24 16:10:01 INFO Worker: Started daemon with process name: 11@c720bfbe46cf
26/03/24 16:10:01 INFO SignalUtils: Registered signal handler for TERM
26/03/24 16:10:01 INFO SignalUtils: Registered signal handler for HUP
26/03/24 16:10:01 INFO SignalUtils: Registered signal handler for INT
26/03/24 16:10:01 WARN NativeCodeLoader: Unable to load native-hadoop library for your platform... using builtin-java classes where applicable
26/03/24 16:10:01 INFO SecurityManager: Changing view acls to: root
26/03/24 16:10:01 INFO SecurityManager: Changing modify acls to: root
26/03/24 16:10:01 INFO SecurityManager: Changing view acls groups to: 
26/03/24 16:10:01 INFO SecurityManager: Changing modify acls groups to: 
26/03/24 16:10:01 INFO SecurityManager: SecurityManager: authentication disabled; ui acls disabled; users  with view permissions: Set(root); groups with view permissions: Set(); users  with modify permissions: Set(root); groups with modify permissions: Set()
26/03/24 16:10:02 INFO Utils: Successfully started service 'sparkWorker' on port 37165.
26/03/24 16:10:02 INFO Worker: Starting Spark worker 192.168.117.6:37165 with 2 cores, 4.0 GB RAM
26/03/24 16:10:02 INFO Worker: Running Spark version 2.4.5
26/03/24 16:10:02 INFO Worker: Spark home: /spark
26/03/24 16:10:02 INFO Utils: Successfully started service 'WorkerUI' on port 8081.
26/03/24 16:10:02 INFO WorkerWebUI: Bound WorkerWebUI to 0.0.0.0, and started at http://c720bfbe46cf:8081
26/03/24 16:10:02 INFO Worker: Connecting to master spark-master:7077...
26/03/24 16:10:02 INFO TransportClientFactory: Successfully created connection to spark-master/192.168.117.2:7077 after 50 ms (0 ms spent in bootstraps)
26/03/24 16:10:03 INFO Worker: Successfully registered with master spark://d597be001265:7077
26/03/24 16:13:12 INFO Worker: Asked to launch executor app-20260324161312-0000/0 for STEDI Kafka Join
26/03/24 16:13:12 INFO SecurityManager: Changing view acls to: root
26/03/24 16:13:12 INFO SecurityManager: Changing modify acls to: root
26/03/24 16:13:12 INFO SecurityManager: Changing view acls groups to: 
26/03/24 16:13:12 INFO SecurityManager: Changing modify acls groups to: 
26/03/24 16:13:12 INFO SecurityManager: SecurityManager: authentication disabled; ui acls disabled; users  with view permissions: Set(root); groups with view permissions: Set(); users  with modify permissions: Set(root); groups with modify permissions: Set()
26/03/24 16:13:12 INFO ExecutorRunner: Launch command: "/usr/lib/jvm/java-1.8-openjdk/jre/bin/java" "-cp" "///conf:/spark/jars/*" "-Xmx1024M" "-Dspark.network.timeout=300s" "-Dspark.driver.port=46653" "-XX:+UseG1GC" "org.apache.spark.executor.CoarseGrainedExecutorBackend" "--driver-url" "spark://CoarseGrainedScheduler@d597be001265:46653" "--executor-id" "0" "--hostname" "192.168.117.6" "--cores" "2" "--app-id" "app-20260324161312-0000" "--worker-url" "spark://Worker@192.168.117.6:37165"
26/03/24 16:15:19 INFO Worker: Asked to kill executor app-20260324161312-0000/0
26/03/24 16:15:19 INFO ExecutorRunner: Runner thread for executor app-20260324161312-0000/0 interrupted
26/03/24 16:15:19 INFO ExecutorRunner: Killing process!
26/03/24 16:15:29 INFO Worker: Executor app-20260324161312-0000/0 finished with state KILLED exitStatus 137
26/03/24 16:15:29 INFO ExternalShuffleBlockResolver: Clean up non-shuffle files associated with the finished executor 0
26/03/24 16:15:29 INFO ExternalShuffleBlockResolver: Executor is not registered (appId=app-20260324161312-0000, execId=0)
26/03/24 16:15:29 INFO ExternalShuffleBlockResolver: Application app-20260324161312-0000 removed, cleanupLocalDirs = true
26/03/24 16:15:29 INFO Worker: Cleaning up local directories for application app-20260324161312-0000
26/03/24 16:15:35 INFO Worker: Asked to launch executor app-20260324161535-0001/0 for STEDI Redis-Kafka Stream to Console
26/03/24 16:15:35 INFO SecurityManager: Changing view acls to: root
26/03/24 16:15:35 INFO SecurityManager: Changing modify acls to: root
26/03/24 16:15:35 INFO SecurityManager: Changing view acls groups to: 
26/03/24 16:15:35 INFO SecurityManager: Changing modify acls groups to: 
26/03/24 16:15:35 INFO SecurityManager: SecurityManager: authentication disabled; ui acls disabled; users  with view permissions: Set(root); groups with view permissions: Set(); users  with modify permissions: Set(root); groups with modify permissions: Set()
26/03/24 16:15:35 INFO ExecutorRunner: Launch command: "/usr/lib/jvm/java-1.8-openjdk/jre/bin/java" "-cp" "///conf:/spark/jars/*" "-Xmx1024M" "-Dspark.driver.port=35335" "org.apache.spark.executor.CoarseGrainedExecutorBackend" "--driver-url" "spark://CoarseGrainedScheduler@d597be001265:35335" "--executor-id" "0" "--hostname" "192.168.117.6" "--cores" "2" "--app-id" "app-20260324161535-0001" "--worker-url" "spark://Worker@192.168.117.6:37165"
26/03/24 16:17:02 INFO Worker: Asked to kill executor app-20260324161535-0001/0
26/03/24 16:17:02 INFO ExecutorRunner: Runner thread for executor app-20260324161535-0001/0 interrupted
26/03/24 16:17:02 INFO ExecutorRunner: Killing process!
26/03/24 16:17:02 INFO Worker: Executor app-20260324161535-0001/0 finished with state KILLED exitStatus 0
26/03/24 16:17:02 INFO ExternalShuffleBlockResolver: Clean up non-shuffle files associated with the finished executor 0
26/03/24 16:17:02 INFO ExternalShuffleBlockResolver: Executor is not registered (appId=app-20260324161535-0001, execId=0)
26/03/24 16:17:02 INFO ExternalShuffleBlockResolver: Application app-20260324161535-0001 removed, cleanupLocalDirs = true
26/03/24 16:17:02 INFO Worker: Cleaning up local directories for application app-20260324161535-0001
26/03/24 16:17:41 INFO Worker: Asked to launch executor app-20260324161741-0002/0 for STEDI Event Stream
26/03/24 16:17:41 INFO SecurityManager: Changing view acls to: root
26/03/24 16:17:41 INFO SecurityManager: Changing modify acls to: root
26/03/24 16:17:41 INFO SecurityManager: Changing view acls groups to: 
26/03/24 16:17:41 INFO SecurityManager: Changing modify acls groups to: 
26/03/24 16:17:41 INFO SecurityManager: SecurityManager: authentication disabled; ui acls disabled; users  with view permissions: Set(root); groups with view permissions: Set(); users  with modify permissions: Set(root); groups with modify permissions: Set()
26/03/24 16:17:41 INFO ExecutorRunner: Launch command: "/usr/lib/jvm/java-1.8-openjdk/jre/bin/java" "-cp" "///conf:/spark/jars/*" "-Xmx1024M" "-Dspark.driver.port=35673" "org.apache.spark.executor.CoarseGrainedExecutorBackend" "--driver-url" "spark://CoarseGrainedScheduler@d597be001265:35673" "--executor-id" "0" "--hostname" "192.168.117.6" "--cores" "2" "--app-id" "app-20260324161741-0002" "--worker-url" "spark://Worker@192.168.117.6:37165"
26/03/24 16:19:08 INFO Worker: Asked to kill executor app-20260324161741-0002/0
26/03/24 16:19:08 INFO ExecutorRunner: Runner thread for executor app-20260324161741-0002/0 interrupted
26/03/24 16:19:08 INFO ExecutorRunner: Killing process!
26/03/24 16:19:08 INFO Worker: Executor app-20260324161741-0002/0 finished with state KILLED exitStatus 143
26/03/24 16:19:08 INFO ExternalShuffleBlockResolver: Clean up non-shuffle files associated with the finished executor 0
26/03/24 16:19:08 INFO ExternalShuffleBlockResolver: Executor is not registered (appId=app-20260324161741-0002, execId=0)
26/03/24 16:19:08 INFO ExternalShuffleBlockResolver: Application app-20260324161741-0002 removed, cleanupLocalDirs = true
26/03/24 16:19:08 INFO Worker: Cleaning up local directories for application app-20260324161741-0002
