Using Spark's default log4j profile: org/apache/spark/log4j-defaults.properties
26/03/24 15:18:33 INFO Master: Started daemon with process name: 13@a2eb83384c25
26/03/24 15:18:33 INFO SignalUtils: Registered signal handler for TERM
26/03/24 15:18:33 INFO SignalUtils: Registered signal handler for HUP
26/03/24 15:18:33 INFO SignalUtils: Registered signal handler for INT
26/03/24 15:18:34 WARN NativeCodeLoader: Unable to load native-hadoop library for your platform... using builtin-java classes where applicable
26/03/24 15:18:34 INFO SecurityManager: Changing view acls to: root
26/03/24 15:18:34 INFO SecurityManager: Changing modify acls to: root
26/03/24 15:18:34 INFO SecurityManager: Changing view acls groups to: 
26/03/24 15:18:34 INFO SecurityManager: Changing modify acls groups to: 
26/03/24 15:18:34 INFO SecurityManager: SecurityManager: authentication disabled; ui acls disabled; users  with view permissions: Set(root); groups with view permissions: Set(); users  with modify permissions: Set(root); groups with modify permissions: Set()
26/03/24 15:18:34 INFO Utils: Successfully started service 'sparkMaster' on port 7077.
26/03/24 15:18:34 INFO Master: Starting Spark master at spark://a2eb83384c25:7077
26/03/24 15:18:34 INFO Master: Running Spark version 2.4.5
26/03/24 15:18:34 INFO Utils: Successfully started service 'MasterUI' on port 8080.
26/03/24 15:18:34 INFO MasterWebUI: Bound MasterWebUI to 0.0.0.0, and started at http://a2eb83384c25:8080
26/03/24 15:18:34 INFO Master: I have been elected leader! New state: ALIVE
26/03/24 15:18:35 INFO Master: Registering worker 192.168.117.6:46153 with 2 cores, 4.0 GB RAM
Using Spark's default log4j profile: org/apache/spark/log4j-defaults.properties
26/03/24 15:27:57 INFO Master: Started daemon with process name: 12@a2eb83384c25
26/03/24 15:27:57 INFO SignalUtils: Registered signal handler for TERM
26/03/24 15:27:57 INFO SignalUtils: Registered signal handler for HUP
26/03/24 15:27:57 INFO SignalUtils: Registered signal handler for INT
26/03/24 15:27:57 WARN NativeCodeLoader: Unable to load native-hadoop library for your platform... using builtin-java classes where applicable
26/03/24 15:27:57 INFO SecurityManager: Changing view acls to: root
26/03/24 15:27:57 INFO SecurityManager: Changing modify acls to: root
26/03/24 15:27:57 INFO SecurityManager: Changing view acls groups to: 
26/03/24 15:27:57 INFO SecurityManager: Changing modify acls groups to: 
26/03/24 15:27:57 INFO SecurityManager: SecurityManager: authentication disabled; ui acls disabled; users  with view permissions: Set(root); groups with view permissions: Set(); users  with modify permissions: Set(root); groups with modify permissions: Set()
26/03/24 15:27:58 INFO Utils: Successfully started service 'sparkMaster' on port 7077.
26/03/24 15:27:58 INFO Master: Starting Spark master at spark://a2eb83384c25:7077
26/03/24 15:27:58 INFO Master: Running Spark version 2.4.5
26/03/24 15:27:58 INFO Utils: Successfully started service 'MasterUI' on port 8080.
26/03/24 15:27:58 INFO MasterWebUI: Bound MasterWebUI to 0.0.0.0, and started at http://a2eb83384c25:8080
26/03/24 15:27:58 INFO Master: I have been elected leader! New state: ALIVE
26/03/24 15:27:58 INFO Master: Registering worker 192.168.117.6:40567 with 2 cores, 4.0 GB RAM
26/03/24 15:28:38 INFO Master: Registering app STEDI Kafka Join
26/03/24 15:28:38 INFO Master: Registered app STEDI Kafka Join with ID app-20260324152838-0000
26/03/24 15:28:38 INFO Master: Launching executor app-20260324152838-0000/0 on worker worker-20260324152758-192.168.117.6-40567
26/03/24 15:38:18 INFO Master: Registering app STEDI Redis-Kafka Stream to Console
26/03/24 15:38:18 INFO Master: Registered app STEDI Redis-Kafka Stream to Console with ID app-20260324153818-0001
26/03/24 15:40:46 INFO Master: Received unregister request from application app-20260324153818-0001
26/03/24 15:40:46 INFO Master: Removing app app-20260324153818-0001
26/03/24 15:40:46 INFO Master: 192.168.117.5:38132 got disassociated, removing it.
26/03/24 15:40:46 INFO Master: a2eb83384c25:40853 got disassociated, removing it.
26/03/24 15:41:12 INFO Master: 192.168.117.5:50666 got disassociated, removing it.
26/03/24 15:41:12 INFO Master: a2eb83384c25:38359 got disassociated, removing it.
26/03/24 15:41:12 INFO Master: Removing app app-20260324152838-0000
26/03/24 15:41:13 WARN Master: Got status update for unknown executor app-20260324152838-0000/0
26/03/24 15:41:45 INFO Master: Registering app STEDI Redis-Kafka Stream to Console
26/03/24 15:41:45 INFO Master: Registered app STEDI Redis-Kafka Stream to Console with ID app-20260324154145-0002
26/03/24 15:41:45 INFO Master: Launching executor app-20260324154145-0002/0 on worker worker-20260324152758-192.168.117.6-40567
26/03/24 15:43:31 INFO Master: 192.168.117.5:49498 got disassociated, removing it.
26/03/24 15:43:31 INFO Master: a2eb83384c25:39673 got disassociated, removing it.
26/03/24 15:43:31 INFO Master: Removing app app-20260324154145-0002
26/03/24 15:43:31 WARN Master: Got status update for unknown executor app-20260324154145-0002/0
26/03/24 15:44:00 INFO Master: Registering app STEDI Event Stream
26/03/24 15:44:00 INFO Master: Registered app STEDI Event Stream with ID app-20260324154400-0003
26/03/24 15:44:00 INFO Master: Launching executor app-20260324154400-0003/0 on worker worker-20260324152758-192.168.117.6-40567
26/03/24 15:45:52 INFO Master: Registering app STEDI Kafka Join
26/03/24 15:45:52 INFO Master: Registered app STEDI Kafka Join with ID app-20260324154552-0004
26/03/24 15:45:57 INFO Master: Received unregister request from application app-20260324154400-0003
26/03/24 15:45:57 INFO Master: Removing app app-20260324154400-0003
26/03/24 15:45:57 INFO Master: Launching executor app-20260324154552-0004/0 on worker worker-20260324152758-192.168.117.6-40567
26/03/24 15:45:57 INFO Master: 192.168.117.5:57106 got disassociated, removing it.
26/03/24 15:45:57 INFO Master: a2eb83384c25:40653 got disassociated, removing it.
26/03/24 15:45:57 WARN Master: Got status update for unknown executor app-20260324154400-0003/0
